[2023-08-03 00:05:04] INFO root fetch - main [MainThread]: Get Changelog since Serial: [19149199]
[2023-08-03 00:05:09] INFO root fetch - main [MainThread]: Found 7 changed packages
[2023-08-03 00:05:09] INFO root fetch - processPackages [ThreadPoolExecutor-0_0]: Start processing: pymoca
[2023-08-03 00:05:09] INFO root fetch - processPackages [ThreadPoolExecutor-0_1]: Start processing: testflows.github.runners
[2023-08-03 00:05:09] INFO root fetch - processPackages [ThreadPoolExecutor-0_2]: Start processing: hugg
[2023-08-03 00:05:09] INFO root fetch - processPackages [ThreadPoolExecutor-0_3]: Start processing: ofscraper
[2023-08-03 00:05:09] INFO root fetch - processPackages [ThreadPoolExecutor-0_4]: Start processing: skyCatalogs
[2023-08-03 00:05:09] INFO root fetch - processPackages [ThreadPoolExecutor-0_5]: Start processing: file-directory-watcher
[2023-08-03 00:05:09] INFO root fetch - processPackages [ThreadPoolExecutor-0_6]: Start processing: muninn
[2023-08-03 00:05:10] INFO root fetch - processPackages [testflows.github.runners]: New version: [1.4.230802.1220102] Old Version: [1.4.230802.1210504]
[2023-08-03 00:05:10] INFO root fetch - processPackages [ofscraper]: New version: [2.7.9] Old Version: [2.7.8]
[2023-08-03 00:05:10] INFO root fetch - processPackages [skyCatalogs]: New version: [1.5.0rc1] Old Version: [1.4.0rc5]
[2023-08-03 00:05:10] WARNING root fetch - processPackages [file-directory-watcher]: Skipping, unable to determine old version
[2023-08-03 00:05:10] INFO root fetch - main [MainThread]: End processing [file-directory-watcher] error
[2023-08-03 00:05:10] INFO root fetch - processPackages [pymoca]: New version: [0.9.0] Old Version: [0.8.6]
[2023-08-03 00:05:10] INFO root fetch - processPackages [muninn]: New version: [6.1.1] Old Version: [6.1]
[2023-08-03 00:05:10] INFO root fetch - processPackages [hugg]: New version: [0.0.99] Old Version: [0.0.98]
[2023-08-03 00:05:10] INFO root fetch - processPackages [hugg]: Downloading https://files.pythonhosted.org/packages/ca/39/d634cbf068afa1f507e2ad2a964bd2f400b2e75f84f9989a799577973a6e/hugg-0.0.98.tar.gz
[2023-08-03 00:05:10] INFO root fetch - processPackages [testflows.github.runners]: Downloading https://files.pythonhosted.org/packages/6a/95/d13e4eacffe1142ef2e325151f84fc746548978bd6ae35d923c186dac488/testflows.github.runners-1.4.230802.1210504.tar.gz
[2023-08-03 00:05:10] INFO root fetch - processPackages [ofscraper]: Downloading https://files.pythonhosted.org/packages/7d/c0/2e785902feb78f53a0c55cdc8d8b58ad41fb004d22510e43914cb17d9b2d/ofscraper-2.7.8.tar.gz
[2023-08-03 00:05:10] INFO root fetch - processPackages [muninn]: Downloading https://files.pythonhosted.org/packages/3d/e3/ddb8843c4433ad5e95c9ab7153142be03ba68ab6530bbd3065592c45bbf7/muninn-6.1.tar.gz
[2023-08-03 00:05:10] INFO root fetch - processPackages [skyCatalogs]: Downloading https://files.pythonhosted.org/packages/b2/cd/41d11990c4a17182c52886298864f0f9bf4a9aecac93b0ed8cbeeb9fb085/skyCatalogs-1.4.0rc5.tar.gz
[2023-08-03 00:05:10] INFO root fetch - processPackages [pymoca]: Downloading https://files.pythonhosted.org/packages/c9/52/1187e8c59ab1260bc827b64d2ae36631d10aeadb1cd124a1f102ab7fef0b/pymoca-0.8.6.tar.gz
[2023-08-03 00:05:10] INFO root fetch - processPackages [hugg]: Downloading https://files.pythonhosted.org/packages/b7/f7/1c5466470e77ded655e05292e8e9f54a8994138542b5a0ea65e76fb1faea/hugg-0.0.99.tar.gz
[2023-08-03 00:05:10] INFO root fetch - processPackages [testflows.github.runners]: Downloading https://files.pythonhosted.org/packages/9e/ba/38327f9071ffe60c51db0354b9c6a2e03f06d2dd8df106fc78bc506c70c8/testflows.github.runners-1.4.230802.1220102.tar.gz
[2023-08-03 00:05:10] INFO root fetch - processPackages [skyCatalogs]: Downloading https://files.pythonhosted.org/packages/4e/dd/daf02566b5ab5b4413d37098555854a40a78a70dfc6e39c6022ff9e7a88c/skyCatalogs-1.5.0rc1.tar.gz
[2023-08-03 00:05:10] INFO root fetch - processPackages [muninn]: Downloading https://files.pythonhosted.org/packages/c7/3d/38bd3eccdc6bf8e3c770a17e58d3f5fbafb62f703e9b44978c97f5b1b5d6/muninn-6.1.1.tar.gz
[2023-08-03 00:05:10] INFO root fetch - processPackages [ofscraper]: Downloading https://files.pythonhosted.org/packages/40/f8/9d11c48ba4f944a7c5f69629bae3b4d8548230970873e828fcea27d61aec/ofscraper-2.7.9.tar.gz
[2023-08-03 00:05:10] INFO root fetch - processPackages [testflows.github.runners]: executing diffoscope
[2023-08-03 00:05:10] INFO root fetch - processPackages [testflows.github.runners]: podman run --user 0:0 --rm -w /home/abi/fetcher -v /home/abi/fetcher/tmp:/home/abi/fetcher/tmp:ro -v /home/abi/fetcher/20230803:/home/abi/fetcher/20230803:rw registry.salsa.debian.org/reproducible-builds/diffoscope --no-progress tmp/testflows.github.runners-1.4.230802.1210504.tar.gz tmp/testflows.github.runners-1.4.230802.1220102.tar.gz --markdown 20230803/t/testflows.github.runners/1.4.230802.1210504-1.4.230802.1220102/diff.md --exclude *.pyd
[2023-08-03 00:05:10] INFO root fetch - processPackages [hugg]: executing diffoscope
[2023-08-03 00:05:10] INFO root fetch - processPackages [hugg]: podman run --user 0:0 --rm -w /home/abi/fetcher -v /home/abi/fetcher/tmp:/home/abi/fetcher/tmp:ro -v /home/abi/fetcher/20230803:/home/abi/fetcher/20230803:rw registry.salsa.debian.org/reproducible-builds/diffoscope --no-progress tmp/hugg-0.0.98.tar.gz tmp/hugg-0.0.99.tar.gz --markdown 20230803/h/hugg/0.0.98-0.0.99/diff.md --exclude *.pyd
[2023-08-03 00:05:11] INFO root fetch - processPackages [skyCatalogs]: executing diffoscope
[2023-08-03 00:05:11] INFO root fetch - processPackages [skyCatalogs]: podman run --user 0:0 --rm -w /home/abi/fetcher -v /home/abi/fetcher/tmp:/home/abi/fetcher/tmp:ro -v /home/abi/fetcher/20230803:/home/abi/fetcher/20230803:rw registry.salsa.debian.org/reproducible-builds/diffoscope --no-progress tmp/skyCatalogs-1.4.0rc5.tar.gz tmp/skyCatalogs-1.5.0rc1.tar.gz --markdown 20230803/s/skyCatalogs/1.4.0rc5-1.5.0rc1/diff.md --exclude *.pyd
[2023-08-03 00:05:11] INFO root fetch - processPackages [ofscraper]: executing diffoscope
[2023-08-03 00:05:11] INFO root fetch - processPackages [ofscraper]: podman run --user 0:0 --rm -w /home/abi/fetcher -v /home/abi/fetcher/tmp:/home/abi/fetcher/tmp:ro -v /home/abi/fetcher/20230803:/home/abi/fetcher/20230803:rw registry.salsa.debian.org/reproducible-builds/diffoscope --no-progress tmp/ofscraper-2.7.8.tar.gz tmp/ofscraper-2.7.9.tar.gz --markdown 20230803/o/ofscraper/2.7.8-2.7.9/diff.md --exclude *.pyd
[2023-08-03 00:05:11] INFO root fetch - processPackages [muninn]: executing diffoscope
[2023-08-03 00:05:11] INFO root fetch - processPackages [muninn]: podman run --user 0:0 --rm -w /home/abi/fetcher -v /home/abi/fetcher/tmp:/home/abi/fetcher/tmp:ro -v /home/abi/fetcher/20230803:/home/abi/fetcher/20230803:rw registry.salsa.debian.org/reproducible-builds/diffoscope --no-progress tmp/muninn-6.1.tar.gz tmp/muninn-6.1.1.tar.gz --markdown 20230803/m/muninn/6.1-6.1.1/diff.md --exclude *.pyd
[2023-08-03 00:05:11] INFO root fetch - processPackages [pymoca]: Downloading https://files.pythonhosted.org/packages/20/ae/cedb51c6dafde7724c018ca0c9969cc2163134b975ba7454a40d1c745bc8/pymoca-0.9.0.tar.gz
[2023-08-03 00:05:11] INFO root fetch - processPackages [pymoca]: executing diffoscope
[2023-08-03 00:05:11] INFO root fetch - processPackages [pymoca]: podman run --user 0:0 --rm -w /home/abi/fetcher -v /home/abi/fetcher/tmp:/home/abi/fetcher/tmp:ro -v /home/abi/fetcher/20230803:/home/abi/fetcher/20230803:rw registry.salsa.debian.org/reproducible-builds/diffoscope --no-progress tmp/pymoca-0.8.6.tar.gz tmp/pymoca-0.9.0.tar.gz --markdown 20230803/p/pymoca/0.8.6-0.9.0/diff.md --exclude *.pyd
[2023-08-03 00:05:11] INFO root fetch - processPackages [hugg]: Remove: archive file [/home/abi/fetcher/tmp/hugg-0.0.98.tar.gz]
[2023-08-03 00:05:11] INFO root fetch - processPackages [hugg]: Remove: archive file [/home/abi/fetcher/tmp/hugg-0.0.99.tar.gz]
[2023-08-03 00:05:11] INFO root fetch - main [MainThread]: End processing [hugg]: success
[2023-08-03 00:05:12] INFO root fetch - processPackages [testflows.github.runners]: Remove: archive file [/home/abi/fetcher/tmp/testflows.github.runners-1.4.230802.1210504.tar.gz]
[2023-08-03 00:05:12] INFO root fetch - processPackages [testflows.github.runners]: Remove: archive file [/home/abi/fetcher/tmp/testflows.github.runners-1.4.230802.1220102.tar.gz]
[2023-08-03 00:05:12] INFO root fetch - main [MainThread]: End processing [testflows.github.runners]: success
[2023-08-03 00:05:12] INFO root fetch - processPackages [ofscraper]: Remove: archive file [/home/abi/fetcher/tmp/ofscraper-2.7.8.tar.gz]
[2023-08-03 00:05:12] INFO root fetch - processPackages [ofscraper]: Remove: archive file [/home/abi/fetcher/tmp/ofscraper-2.7.9.tar.gz]
[2023-08-03 00:05:12] INFO root fetch - main [MainThread]: End processing [ofscraper]: success
[2023-08-03 00:05:12] INFO root fetch - processPackages [skyCatalogs]: Remove: archive file [/home/abi/fetcher/tmp/skyCatalogs-1.4.0rc5.tar.gz]
[2023-08-03 00:05:12] INFO root fetch - processPackages [skyCatalogs]: Remove: archive file [/home/abi/fetcher/tmp/skyCatalogs-1.5.0rc1.tar.gz]
[2023-08-03 00:05:12] INFO root fetch - main [MainThread]: End processing [skyCatalogs]: success
[2023-08-03 00:05:12] INFO root fetch - processPackages [muninn]: Remove: archive file [/home/abi/fetcher/tmp/muninn-6.1.tar.gz]
[2023-08-03 00:05:12] INFO root fetch - processPackages [muninn]: Remove: archive file [/home/abi/fetcher/tmp/muninn-6.1.1.tar.gz]
[2023-08-03 00:05:12] INFO root fetch - main [MainThread]: End processing [muninn]: success
[2023-08-03 00:05:12] INFO root fetch - processPackages [pymoca]: Remove: archive file [/home/abi/fetcher/tmp/pymoca-0.8.6.tar.gz]
[2023-08-03 00:05:12] INFO root fetch - processPackages [pymoca]: Remove: archive file [/home/abi/fetcher/tmp/pymoca-0.9.0.tar.gz]
[2023-08-03 00:05:12] INFO root fetch - main [MainThread]: End processing [pymoca]: success
[2023-08-03 00:05:12] INFO root fetch - main [MainThread]: Store serial: [19149226]
